"../../../Engine/Content/EngineResources/DefaultTexture.ubulk" 0
"../../../Engine/Content/EngineResources/DefaultTexture.uasset" 1
"../../../Engine/Content/EngineResources/DefaultTexture.uexp" 2
"../../../Engine/Content/EngineResources/DefaultTextureCube.uasset" 3
"../../../Engine/Content/EngineResources/DefaultTextureCube.uexp" 4
"../../../Engine/Content/EngineResources/DefaultVolumeTexture2D.uasset" 5
"../../../Engine/Content/EngineResources/DefaultVolumeTexture2D.uexp" 6
"../../../Engine/Content/EngineResources/DefaultVolumeTexture.uasset" 7
"../../../Engine/Content/EngineResources/DefaultVolumeTexture.uexp" 8
"../../../Engine/Content/EngineMeshes/Sphere.ubulk" 9
"../../../Engine/Content/EngineMeshes/Sphere.uasset" 10
"../../../Engine/Content/EngineMeshes/Sphere.uexp" 11
"../../../Engine/Content/EngineResources/GradientTexture0.uasset" 12
"../../../Engine/Content/EngineResources/GradientTexture0.uexp" 13
"../../../Engine/Content/EngineResources/Black.uasset" 14
"../../../Engine/Content/EngineResources/Black.uexp" 15
"../../../Engine/Content/EngineMaterials/T_Default_Material_Grid_M.ubulk" 16
"../../../Engine/Content/EngineMaterials/T_Default_Material_Grid_M.uasset" 17
"../../../Engine/Content/EngineMaterials/T_Default_Material_Grid_M.uexp" 18
"../../../Engine/Content/EngineMaterials/T_Default_Material_Grid_N.ubulk" 19
"../../../Engine/Content/EngineMaterials/T_Default_Material_Grid_N.uasset" 20
"../../../Engine/Content/EngineMaterials/T_Default_Material_Grid_N.uexp" 21
"../../../Engine/Content/Functions/Engine_MaterialFunctions01/Opacity/CameraDepthFade.uasset" 22
"../../../Engine/Content/Functions/Engine_MaterialFunctions01/Opacity/CameraDepthFade.uexp" 23
"../../../Engine/Content/EngineMaterials/WorldGridMaterial.uasset" 24
"../../../Engine/Content/EngineMaterials/WorldGridMaterial.uexp" 25
"../../../Engine/Content/ArtTools/RenderToTexture/Meshes/S_1_Unit_Plane.ubulk" 26
"../../../Engine/Content/ArtTools/RenderToTexture/Meshes/S_1_Unit_Plane.uasset" 27
"../../../Engine/Content/ArtTools/RenderToTexture/Meshes/S_1_Unit_Plane.uexp" 28
"../../../Engine/Plugins/Media/MediaPlate/Content/SM_MediaPlateScreen.ubulk" 29
"../../../Engine/Plugins/Media/MediaPlate/Content/SM_MediaPlateScreen.uasset" 30
"../../../Engine/Plugins/Media/MediaPlate/Content/SM_MediaPlateScreen.uexp" 31
"../../../Engine/Content/EngineMaterials/DefaultBokeh.uasset" 32
"../../../Engine/Content/EngineMaterials/DefaultBokeh.uexp" 33
"../../../Engine/Content/EngineMaterials/MiniFont.uasset" 34
"../../../Engine/Content/EngineMaterials/MiniFont.uexp" 35
"../../../Engine/Content/EngineMaterials/WeightMapPlaceholderTexture.uasset" 36
"../../../Engine/Content/EngineMaterials/WeightMapPlaceholderTexture.uexp" 37
"../../../Engine/Content/EngineMaterials/WeightMapArrayPlaceholderTexture.uasset" 38
"../../../Engine/Content/EngineMaterials/WeightMapArrayPlaceholderTexture.uexp" 39
"../../../Engine/Content/EngineMaterials/DefaultWhiteGrid.ubulk" 40
"../../../Engine/Content/EngineMaterials/DefaultWhiteGrid.uasset" 41
"../../../Engine/Content/EngineMaterials/DefaultWhiteGrid.uexp" 42
"../../../Engine/Content/EngineMaterials/PreintegratedSkinBRDF.uasset" 43
"../../../Engine/Content/EngineMaterials/PreintegratedSkinBRDF.uexp" 44
"../../../Engine/Content/BasicShapes/Cube.ubulk" 45
"../../../Engine/Content/BasicShapes/Cube.uasset" 46
"../../../Engine/Content/BasicShapes/Cube.uexp" 47
"../../../Engine/Content/EngineMaterials/DefaultMaterial.uasset" 48
"../../../Engine/Content/EngineMaterials/DefaultMaterial.uexp" 49
"../../../Engine/Content/BasicShapes/Sphere.ubulk" 50
"../../../Engine/Content/BasicShapes/Sphere.uasset" 51
"../../../Engine/Content/BasicShapes/Sphere.uexp" 52
"../../../Engine/Content/BasicShapes/Cylinder.ubulk" 53
"../../../Engine/Content/BasicShapes/Cylinder.uasset" 54
"../../../Engine/Content/BasicShapes/Cylinder.uexp" 55
"../../../Engine/Content/BasicShapes/Cone.ubulk" 56
"../../../Engine/Content/BasicShapes/Cone.uasset" 57
"../../../Engine/Content/BasicShapes/Cone.uexp" 58
"../../../Engine/Content/BasicShapes/Plane.ubulk" 59
"../../../Engine/Content/BasicShapes/Plane.uasset" 60
"../../../Engine/Content/BasicShapes/Plane.uexp" 61
"../../../Engine/Plugins/Runtime/MeshModelingToolset/Content/Materials/M_DynamicMeshComponentVtxColor.uasset" 62
"../../../Engine/Plugins/Runtime/MeshModelingToolset/Content/Materials/M_DynamicMeshComponentVtxColor.uexp" 63
"../../../Engine/Content/Functions/Engine_MaterialFunctions02/Utility/CameraDirectionVector.uasset" 64
"../../../Engine/Content/Functions/Engine_MaterialFunctions02/Utility/CameraDirectionVector.uexp" 65
"../../../Engine/Content/Functions/Engine_MaterialFunctions01/Volumetrics/BeersLaw.uasset" 66
"../../../Engine/Content/Functions/Engine_MaterialFunctions01/Volumetrics/BeersLaw.uexp" 67
"../../../Engine/Content/EngineMaterials/Good64x64TilingNoiseHighFreq.uasset" 68
"../../../Engine/Content/EngineMaterials/Good64x64TilingNoiseHighFreq.uexp" 69
"../../../Engine/Content/Functions/Engine_MaterialFunctions02/Texturing/ScreenAlignedPixelToPixelUVs.uasset" 70
"../../../Engine/Content/Functions/Engine_MaterialFunctions02/Texturing/ScreenAlignedPixelToPixelUVs.uexp" 71
"../../../Engine/Content/Functions/Engine_MaterialFunctions02/Utility/BreakOutFloat3Components.uasset" 72
"../../../Engine/Content/Functions/Engine_MaterialFunctions02/Utility/BreakOutFloat3Components.uexp" 73
"../../../Engine/Content/Functions/Engine_MaterialFunctions03/Math/RemapValueRange.uasset" 74
"../../../Engine/Content/Functions/Engine_MaterialFunctions03/Math/RemapValueRange.uexp" 75
"../../../Engine/Plugins/Editor/SpeedTreeImporter/Content/SpeedTree9/game_wind_noise.ubulk" 76
"../../../Engine/Plugins/Editor/SpeedTreeImporter/Content/SpeedTree9/game_wind_noise.uasset" 77
"../../../Engine/Plugins/Editor/SpeedTreeImporter/Content/SpeedTree9/game_wind_noise.uexp" 78
"../../../Engine/Plugins/Editor/SpeedTreeImporter/Content/SpeedTree9/UnpackDirection.uasset" 79
"../../../Engine/Plugins/Editor/SpeedTreeImporter/Content/SpeedTree9/UnpackDirection.uexp" 80
"../../../Engine/Content/Functions/Engine_MaterialFunctions02/ObjectLocalBounds.uasset" 81
"../../../Engine/Content/Functions/Engine_MaterialFunctions02/ObjectLocalBounds.uexp" 82
"../../../Engine/Content/Functions/Engine_MaterialFunctions02/UVs/BoundingBoxBased_0-1_UVW.uasset" 83
"../../../Engine/Content/Functions/Engine_MaterialFunctions02/UVs/BoundingBoxBased_0-1_UVW.uexp" 84
"../../../Engine/Content/Functions/Engine_MaterialFunctions02/Utility/VectorLength.uasset" 85
"../../../Engine/Content/Functions/Engine_MaterialFunctions02/Utility/VectorLength.uexp" 86
"../../../Engine/Plugins/Editor/SpeedTreeImporter/Content/SpeedTree9/UnpackInteger3.uasset" 87
"../../../Engine/Plugins/Editor/SpeedTreeImporter/Content/SpeedTree9/UnpackInteger3.uexp" 88
"../../../Engine/Plugins/Editor/SpeedTreeImporter/Content/SpeedTree9/SpeedTreeCameraFacing.uasset" 89
"../../../Engine/Plugins/Editor/SpeedTreeImporter/Content/SpeedTree9/SpeedTreeCameraFacing.uexp" 90
"../../../Engine/Content/Functions/Engine_MaterialFunctions02/WorldPositionOffset/ObjectScale.uasset" 91
"../../../Engine/Content/Functions/Engine_MaterialFunctions02/WorldPositionOffset/ObjectScale.uexp" 92
"../../../Engine/Content/Functions/Engine_MaterialFunctions02/SafeNormalize.uasset" 93
"../../../Engine/Content/Functions/Engine_MaterialFunctions02/SafeNormalize.uexp" 94
"../../../Engine/Plugins/Editor/SpeedTreeImporter/Content/SpeedTree9/SpeedTreeWindMotion.uasset" 95
"../../../Engine/Plugins/Editor/SpeedTreeImporter/Content/SpeedTree9/SpeedTreeWindMotion.uexp" 96
"../../../Engine/Plugins/Editor/SpeedTreeImporter/Content/SpeedTree9/SpeedTreeBranchMotion.uasset" 97
"../../../Engine/Plugins/Editor/SpeedTreeImporter/Content/SpeedTree9/SpeedTreeBranchMotion.uexp" 98
"../../../Engine/Plugins/Editor/SpeedTreeImporter/Content/SpeedTree9/SpeedTreeWind.uasset" 99
"../../../Engine/Plugins/Editor/SpeedTreeImporter/Content/SpeedTree9/SpeedTreeWind.uexp" 100
"../../../Engine/Plugins/Editor/SpeedTreeImporter/Content/SpeedTree9/EmptyNormal.uasset" 101
"../../../Engine/Plugins/Editor/SpeedTreeImporter/Content/SpeedTree9/EmptyNormal.uexp" 102
"../../../Engine/Plugins/Editor/SpeedTreeImporter/Content/SpeedTree9/Empty.uasset" 103
"../../../Engine/Plugins/Editor/SpeedTreeImporter/Content/SpeedTree9/Empty.uexp" 104
"../../../Engine/Plugins/Editor/SpeedTreeImporter/Content/SpeedTree9/SpeedTreeMaster.uasset" 105
"../../../Engine/Plugins/Editor/SpeedTreeImporter/Content/SpeedTree9/SpeedTreeMaster.uexp" 106
"../../../Engine/Plugins/Editor/SpeedTreeImporter/Content/SpeedTree9/SpeedTreeBillboard.uasset" 107
"../../../Engine/Plugins/Editor/SpeedTreeImporter/Content/SpeedTree9/SpeedTreeBillboard.uexp" 108
"../../../Engine/Plugins/Editor/SpeedTreeImporter/Content/SpeedTree9/SpeedTreeBillboardMaster.uasset" 109
"../../../Engine/Plugins/Editor/SpeedTreeImporter/Content/SpeedTree9/SpeedTreeBillboardMaster.uexp" 110
"../../../Engine/Content/Functions/Engine_MaterialFunctions02/WorldPositionOffset/CameraOffset.uasset" 111
"../../../Engine/Content/Functions/Engine_MaterialFunctions02/WorldPositionOffset/CameraOffset.uexp" 112
"../../../Engine/Plugins/Animation/ControlRig/Content/M_Manip.uasset" 113
"../../../Engine/Plugins/Animation/ControlRig/Content/M_Manip.uexp" 114
"../../../Engine/Plugins/Animation/ControlRig/Content/Controls/DefaultGizmoLibraryNormalized.uasset" 115
"../../../Engine/Plugins/Animation/ControlRig/Content/Controls/DefaultGizmoLibraryNormalized.uexp" 116
"../../../Engine/Plugins/Animation/ControlRig/Content/Controls/ControlRig_Wedge_solid.ubulk" 117
"../../../Engine/Plugins/Animation/ControlRig/Content/Controls/ControlRig_Wedge_solid.uasset" 118
"../../../Engine/Plugins/Animation/ControlRig/Content/Controls/ControlRig_Wedge_solid.uexp" 119
"../../../Engine/Plugins/Animation/ControlRig/Content/Controls/ControlRig_Wedge_3mm.ubulk" 120
"../../../Engine/Plugins/Animation/ControlRig/Content/Controls/ControlRig_Wedge_3mm.uasset" 121
"../../../Engine/Plugins/Animation/ControlRig/Content/Controls/ControlRig_Wedge_3mm.uexp" 122
"../../../Engine/Plugins/Animation/ControlRig/Content/Controls/ControlRig_Wedge_1mm.ubulk" 123
"../../../Engine/Plugins/Animation/ControlRig/Content/Controls/ControlRig_Wedge_1mm.uasset" 124
"../../../Engine/Plugins/Animation/ControlRig/Content/Controls/ControlRig_Wedge_1mm.uexp" 125
"../../../Engine/Plugins/Animation/ControlRig/Content/Controls/ControlRig_Triangle_solid.ubulk" 126
"../../../Engine/Plugins/Animation/ControlRig/Content/Controls/ControlRig_Triangle_solid.uasset" 127
"../../../Engine/Plugins/Animation/ControlRig/Content/Controls/ControlRig_Triangle_solid.uexp" 128
"../../../Engine/Plugins/Animation/ControlRig/Content/Controls/ControlRig_Triangle_3mm.ubulk" 129
"../../../Engine/Plugins/Animation/ControlRig/Content/Controls/ControlRig_Triangle_3mm.uasset" 130
"../../../Engine/Plugins/Animation/ControlRig/Content/Controls/ControlRig_Triangle_3mm.uexp" 131
"../../../Engine/Plugins/Animation/ControlRig/Content/Controls/ControlRig_Triangle_1mm.ubulk" 132
"../../../Engine/Plugins/Animation/ControlRig/Content/Controls/ControlRig_Triangle_1mm.uasset" 133
"../../../Engine/Plugins/Animation/ControlRig/Content/Controls/ControlRig_Triangle_1mm.uexp" 134
"../../../Engine/Plugins/Animation/ControlRig/Content/Controls/ControlRig_Star4_solid.ubulk" 135
"../../../Engine/Plugins/Animation/ControlRig/Content/Controls/ControlRig_Star4_solid.uasset" 136
"../../../Engine/Plugins/Animation/ControlRig/Content/Controls/ControlRig_Star4_solid.uexp" 137
"../../../Engine/Plugins/Animation/ControlRig/Content/Controls/ControlRig_Star4_3mm.ubulk" 138
"../../../Engine/Plugins/Animation/ControlRig/Content/Controls/ControlRig_Star4_3mm.uasset" 139
"../../../Engine/Plugins/Animation/ControlRig/Content/Controls/ControlRig_Star4_3mm.uexp" 140
"../../../Engine/Plugins/Animation/ControlRig/Content/Controls/ControlRig_Star4_1mm.ubulk" 141
"../../../Engine/Plugins/Animation/ControlRig/Content/Controls/ControlRig_Star4_1mm.uasset" 142
"../../../Engine/Plugins/Animation/ControlRig/Content/Controls/ControlRig_Star4_1mm.uexp" 143
"../../../Engine/Plugins/Animation/ControlRig/Content/Controls/ControlRig_Square_solid.ubulk" 144
"../../../Engine/Plugins/Animation/ControlRig/Content/Controls/ControlRig_Square_solid.uasset" 145
"../../../Engine/Plugins/Animation/ControlRig/Content/Controls/ControlRig_Square_solid.uexp" 146
"../../../Engine/Plugins/Animation/ControlRig/Content/Controls/ControlRig_Square_3mm.ubulk" 147
"../../../Engine/Plugins/Animation/ControlRig/Content/Controls/ControlRig_Square_3mm.uasset" 148
"../../../Engine/Plugins/Animation/ControlRig/Content/Controls/ControlRig_Square_3mm.uexp" 149
"../../../Engine/Plugins/Animation/ControlRig/Content/Controls/ControlRig_Square_1mm.ubulk" 150
"../../../Engine/Plugins/Animation/ControlRig/Content/Controls/ControlRig_Square_1mm.uasset" 151
"../../../Engine/Plugins/Animation/ControlRig/Content/Controls/ControlRig_Square_1mm.uexp" 152
"../../../Engine/Plugins/Animation/ControlRig/Content/Controls/ControlRig_Sphere_solid.ubulk" 153
"../../../Engine/Plugins/Animation/ControlRig/Content/Controls/ControlRig_Sphere_solid.uasset" 154
"../../../Engine/Plugins/Animation/ControlRig/Content/Controls/ControlRig_Sphere_solid.uexp" 155
"../../../Engine/Plugins/Animation/ControlRig/Content/Controls/ControlRig_Sphere_3mm.ubulk" 156
"../../../Engine/Plugins/Animation/ControlRig/Content/Controls/ControlRig_Sphere_3mm.uasset" 157
"../../../Engine/Plugins/Animation/ControlRig/Content/Controls/ControlRig_Sphere_3mm.uexp" 158
"../../../Engine/Plugins/Animation/ControlRig/Content/Controls/ControlRig_Sphere_1mm.ubulk" 159
"../../../Engine/Plugins/Animation/ControlRig/Content/Controls/ControlRig_Sphere_1mm.uasset" 160
"../../../Engine/Plugins/Animation/ControlRig/Content/Controls/ControlRig_Sphere_1mm.uexp" 161
"../../../Engine/Plugins/Animation/ControlRig/Content/Controls/ControlRig_RoundedTriangle_solid.ubulk" 162
"../../../Engine/Plugins/Animation/ControlRig/Content/Controls/ControlRig_RoundedTriangle_solid.uasset" 163
"../../../Engine/Plugins/Animation/ControlRig/Content/Controls/ControlRig_RoundedTriangle_solid.uexp" 164
"../../../Engine/Plugins/Animation/ControlRig/Content/Controls/ControlRig_RoundedTriangle_3mm.ubulk" 165
"../../../Engine/Plugins/Animation/ControlRig/Content/Controls/ControlRig_RoundedTriangle_3mm.uasset" 166
"../../../Engine/Plugins/Animation/ControlRig/Content/Controls/ControlRig_RoundedTriangle_3mm.uexp" 167
"../../../Engine/Plugins/Animation/ControlRig/Content/Controls/ControlRig_RoundedTriangle_1mm.ubulk" 168
"../../../Engine/Plugins/Animation/ControlRig/Content/Controls/ControlRig_RoundedTriangle_1mm.uasset" 169
"../../../Engine/Plugins/Animation/ControlRig/Content/Controls/ControlRig_RoundedTriangle_1mm.uexp" 170
"../../../Engine/Plugins/Animation/ControlRig/Content/Controls/ControlRig_RoundedSquare_solid.ubulk" 171
"../../../Engine/Plugins/Animation/ControlRig/Content/Controls/ControlRig_RoundedSquare_solid.uasset" 172
"../../../Engine/Plugins/Animation/ControlRig/Content/Controls/ControlRig_RoundedSquare_solid.uexp" 173
"../../../Engine/Plugins/Animation/ControlRig/Content/Controls/ControlRig_RoundedSquare_3mm.ubulk" 174
"../../../Engine/Plugins/Animation/ControlRig/Content/Controls/ControlRig_RoundedSquare_3mm.uasset" 175
"../../../Engine/Plugins/Animation/ControlRig/Content/Controls/ControlRig_RoundedSquare_3mm.uexp" 176
"../../../Engine/Plugins/Animation/ControlRig/Content/Controls/ControlRig_RoundedSquare_1mm.ubulk" 177
"../../../Engine/Plugins/Animation/ControlRig/Content/Controls/ControlRig_RoundedSquare_1mm.uasset" 178
"../../../Engine/Plugins/Animation/ControlRig/Content/Controls/ControlRig_RoundedSquare_1mm.uexp" 179
"../../../Engine/Plugins/Animation/ControlRig/Content/Controls/ControlRig_QuarterCircle_solid.ubulk" 180
"../../../Engine/Plugins/Animation/ControlRig/Content/Controls/ControlRig_QuarterCircle_solid.uasset" 181
"../../../Engine/Plugins/Animation/ControlRig/Content/Controls/ControlRig_QuarterCircle_solid.uexp" 182
"../../../Engine/Plugins/Animation/ControlRig/Content/Controls/ControlRig_QuarterCircle_3mm.ubulk" 183
"../../../Engine/Plugins/Animation/ControlRig/Content/Controls/ControlRig_QuarterCircle_3mm.uasset" 184
"../../../Engine/Plugins/Animation/ControlRig/Content/Controls/ControlRig_QuarterCircle_3mm.uexp" 185
"../../../Engine/Plugins/Animation/ControlRig/Content/Controls/ControlRig_QuarterCircle_1mm.ubulk" 186
"../../../Engine/Plugins/Animation/ControlRig/Content/Controls/ControlRig_QuarterCircle_1mm.uasset" 187
"../../../Engine/Plugins/Animation/ControlRig/Content/Controls/ControlRig_QuarterCircle_1mm.uexp" 188
"../../../Engine/Plugins/Animation/ControlRig/Content/Controls/ControlRig_Pyramid_solid.ubulk" 189
"../../../Engine/Plugins/Animation/ControlRig/Content/Controls/ControlRig_Pyramid_solid.uasset" 190
"../../../Engine/Plugins/Animation/ControlRig/Content/Controls/ControlRig_Pyramid_solid.uexp" 191
"../../../Engine/Plugins/Animation/ControlRig/Content/Controls/ControlRig_Pyramid_3mm.ubulk" 192
"../../../Engine/Plugins/Animation/ControlRig/Content/Controls/ControlRig_Pyramid_3mm.uasset" 193
"../../../Engine/Plugins/Animation/ControlRig/Content/Controls/ControlRig_Pyramid_3mm.uexp" 194
"../../../Engine/Plugins/Animation/ControlRig/Content/Controls/ControlRig_Pyramid_1mm.ubulk" 195
"../../../Engine/Plugins/Animation/ControlRig/Content/Controls/ControlRig_Pyramid_1mm.uasset" 196
"../../../Engine/Plugins/Animation/ControlRig/Content/Controls/ControlRig_Pyramid_1mm.uexp" 197
"../../../Engine/Plugins/Animation/ControlRig/Content/Controls/ControlRig_Octagon_solid.ubulk" 198
"../../../Engine/Plugins/Animation/ControlRig/Content/Controls/ControlRig_Octagon_solid.uasset" 199
"../../../Engine/Plugins/Animation/ControlRig/Content/Controls/ControlRig_Octagon_solid.uexp" 200
"../../../Engine/Plugins/Animation/ControlRig/Content/Controls/ControlRig_Octagon_3mm.ubulk" 201
"../../../Engine/Plugins/Animation/ControlRig/Content/Controls/ControlRig_Octagon_3mm.uasset" 202
"../../../Engine/Plugins/Animation/ControlRig/Content/Controls/ControlRig_Octagon_3mm.uexp" 203
"../../../Engine/Plugins/Animation/ControlRig/Content/Controls/ControlRig_Octagon_1mm.ubulk" 204
"../../../Engine/Plugins/Animation/ControlRig/Content/Controls/ControlRig_Octagon_1mm.uasset" 205
"../../../Engine/Plugins/Animation/ControlRig/Content/Controls/ControlRig_Octagon_1mm.uexp" 206
"../../../Engine/Plugins/Animation/ControlRig/Content/Controls/ControlRig_Hexagon_solid.ubulk" 207
"../../../Engine/Plugins/Animation/ControlRig/Content/Controls/ControlRig_Hexagon_solid.uasset" 208
"../../../Engine/Plugins/Animation/ControlRig/Content/Controls/ControlRig_Hexagon_solid.uexp" 209
"../../../Engine/Plugins/Animation/ControlRig/Content/Controls/ControlRig_Hexagon_3mm.ubulk" 210
"../../../Engine/Plugins/Animation/ControlRig/Content/Controls/ControlRig_Hexagon_3mm.uasset" 211
"../../../Engine/Plugins/Animation/ControlRig/Content/Controls/ControlRig_Hexagon_3mm.uexp" 212
"../../../Engine/Plugins/Animation/ControlRig/Content/Controls/ControlRig_Hexagon_1mm.ubulk" 213
"../../../Engine/Plugins/Animation/ControlRig/Content/Controls/ControlRig_Hexagon_1mm.uasset" 214
"../../../Engine/Plugins/Animation/ControlRig/Content/Controls/ControlRig_Hexagon_1mm.uexp" 215
"../../../Engine/Plugins/Animation/ControlRig/Content/Controls/ControlRig_HalfCircle_solid.ubulk" 216
"../../../Engine/Plugins/Animation/ControlRig/Content/Controls/ControlRig_HalfCircle_solid.uasset" 217
"../../../Engine/Plugins/Animation/ControlRig/Content/Controls/ControlRig_HalfCircle_solid.uexp" 218
"../../../Engine/Plugins/Animation/ControlRig/Content/Controls/ControlRig_HalfCircle_3mm.ubulk" 219
"../../../Engine/Plugins/Animation/ControlRig/Content/Controls/ControlRig_HalfCircle_3mm.uasset" 220
"../../../Engine/Plugins/Animation/ControlRig/Content/Controls/ControlRig_HalfCircle_3mm.uexp" 221
"../../../Engine/Plugins/Animation/ControlRig/Content/Controls/ControlRig_HalfCircle_1mm.ubulk" 222
"../../../Engine/Plugins/Animation/ControlRig/Content/Controls/ControlRig_HalfCircle_1mm.uasset" 223
"../../../Engine/Plugins/Animation/ControlRig/Content/Controls/ControlRig_HalfCircle_1mm.uexp" 224
"../../../Engine/Plugins/Animation/ControlRig/Content/Controls/ControlRig_Diamond_solid.ubulk" 225
"../../../Engine/Plugins/Animation/ControlRig/Content/Controls/ControlRig_Diamond_solid.uasset" 226
"../../../Engine/Plugins/Animation/ControlRig/Content/Controls/ControlRig_Diamond_solid.uexp" 227
"../../../Engine/Plugins/Animation/ControlRig/Content/Controls/ControlRig_Diamond_3mm.ubulk" 228
"../../../Engine/Plugins/Animation/ControlRig/Content/Controls/ControlRig_Diamond_3mm.uasset" 229
"../../../Engine/Plugins/Animation/ControlRig/Content/Controls/ControlRig_Diamond_3mm.uexp" 230
"../../../Engine/Plugins/Animation/ControlRig/Content/Controls/ControlRig_Diamond_1mm.ubulk" 231
"../../../Engine/Plugins/Animation/ControlRig/Content/Controls/ControlRig_Diamond_1mm.uasset" 232
"../../../Engine/Plugins/Animation/ControlRig/Content/Controls/ControlRig_Diamond_1mm.uexp" 233
"../../../Engine/Plugins/Animation/ControlRig/Content/Controls/ControlRig_Circle_solid.ubulk" 234
"../../../Engine/Plugins/Animation/ControlRig/Content/Controls/ControlRig_Circle_solid.uasset" 235
"../../../Engine/Plugins/Animation/ControlRig/Content/Controls/ControlRig_Circle_solid.uexp" 236
"../../../Engine/Plugins/Animation/ControlRig/Content/Controls/ControlRig_Circle_3mm.ubulk" 237
"../../../Engine/Plugins/Animation/ControlRig/Content/Controls/ControlRig_Circle_3mm.uasset" 238
"../../../Engine/Plugins/Animation/ControlRig/Content/Controls/ControlRig_Circle_3mm.uexp" 239
"../../../Engine/Plugins/Animation/ControlRig/Content/Controls/ControlRig_Circle_1mm.ubulk" 240
"../../../Engine/Plugins/Animation/ControlRig/Content/Controls/ControlRig_Circle_1mm.uasset" 241
"../../../Engine/Plugins/Animation/ControlRig/Content/Controls/ControlRig_Circle_1mm.uexp" 242
"../../../Engine/Plugins/Animation/ControlRig/Content/Controls/ControlRig_Box_solid.ubulk" 243
"../../../Engine/Plugins/Animation/ControlRig/Content/Controls/ControlRig_Box_solid.uasset" 244
"../../../Engine/Plugins/Animation/ControlRig/Content/Controls/ControlRig_Box_solid.uexp" 245
"../../../Engine/Plugins/Animation/ControlRig/Content/Controls/ControlRig_Box_3mm.ubulk" 246
"../../../Engine/Plugins/Animation/ControlRig/Content/Controls/ControlRig_Box_3mm.uasset" 247
"../../../Engine/Plugins/Animation/ControlRig/Content/Controls/ControlRig_Box_3mm.uexp" 248
"../../../Engine/Plugins/Animation/ControlRig/Content/Controls/ControlRig_Box_1mm.ubulk" 249
"../../../Engine/Plugins/Animation/ControlRig/Content/Controls/ControlRig_Box_1mm.uasset" 250
"../../../Engine/Plugins/Animation/ControlRig/Content/Controls/ControlRig_Box_1mm.uexp" 251
"../../../Engine/Plugins/Animation/ControlRig/Content/Controls/ControlRig_Arrow_solid.ubulk" 252
"../../../Engine/Plugins/Animation/ControlRig/Content/Controls/ControlRig_Arrow_solid.uasset" 253
"../../../Engine/Plugins/Animation/ControlRig/Content/Controls/ControlRig_Arrow_solid.uexp" 254
"../../../Engine/Plugins/Animation/ControlRig/Content/Controls/ControlRig_Arrow_3mm.ubulk" 255
"../../../Engine/Plugins/Animation/ControlRig/Content/Controls/ControlRig_Arrow_3mm.uasset" 256
"../../../Engine/Plugins/Animation/ControlRig/Content/Controls/ControlRig_Arrow_3mm.uexp" 257
"../../../Engine/Plugins/Animation/ControlRig/Content/Controls/ControlRig_Arrow_1mm.ubulk" 258
"../../../Engine/Plugins/Animation/ControlRig/Content/Controls/ControlRig_Arrow_1mm.uasset" 259
"../../../Engine/Plugins/Animation/ControlRig/Content/Controls/ControlRig_Arrow_1mm.uexp" 260
"../../../Engine/Plugins/Animation/ControlRig/Content/Controls/ControlRig_Arrow4_solid.ubulk" 261
"../../../Engine/Plugins/Animation/ControlRig/Content/Controls/ControlRig_Arrow4_solid.uasset" 262
"../../../Engine/Plugins/Animation/ControlRig/Content/Controls/ControlRig_Arrow4_solid.uexp" 263
"../../../Engine/Plugins/Animation/ControlRig/Content/Controls/ControlRig_Arrow4_3mm.ubulk" 264
"../../../Engine/Plugins/Animation/ControlRig/Content/Controls/ControlRig_Arrow4_3mm.uasset" 265
"../../../Engine/Plugins/Animation/ControlRig/Content/Controls/ControlRig_Arrow4_3mm.uexp" 266
"../../../Engine/Plugins/Animation/ControlRig/Content/Controls/ControlRig_Arrow4_1mm.ubulk" 267
"../../../Engine/Plugins/Animation/ControlRig/Content/Controls/ControlRig_Arrow4_1mm.uasset" 268
"../../../Engine/Plugins/Animation/ControlRig/Content/Controls/ControlRig_Arrow4_1mm.uexp" 269
"../../../Engine/Plugins/Animation/ControlRig/Content/Controls/ControlRig_Arrow2_solid.ubulk" 270
"../../../Engine/Plugins/Animation/ControlRig/Content/Controls/ControlRig_Arrow2_solid.uasset" 271
"../../../Engine/Plugins/Animation/ControlRig/Content/Controls/ControlRig_Arrow2_solid.uexp" 272
"../../../Engine/Plugins/Animation/ControlRig/Content/Controls/ControlRig_Arrow2_3mm.ubulk" 273
"../../../Engine/Plugins/Animation/ControlRig/Content/Controls/ControlRig_Arrow2_3mm.uasset" 274
"../../../Engine/Plugins/Animation/ControlRig/Content/Controls/ControlRig_Arrow2_3mm.uexp" 275
"../../../Engine/Plugins/Animation/ControlRig/Content/Controls/ControlRig_Arrow2_1mm.ubulk" 276
"../../../Engine/Plugins/Animation/ControlRig/Content/Controls/ControlRig_Arrow2_1mm.uasset" 277
"../../../Engine/Plugins/Animation/ControlRig/Content/Controls/ControlRig_Arrow2_1mm.uexp" 278
"../../../Engine/Plugins/Animation/ControlRig/Content/Controls/ControlRigXRayMaterial.uasset" 279
"../../../Engine/Plugins/Animation/ControlRig/Content/Controls/ControlRigXRayMaterial.uexp" 280
"../../../Engine/Plugins/Animation/ControlRig/Content/Controls/ControlRigGizmoMaterial.uasset" 281
"../../../Engine/Plugins/Animation/ControlRig/Content/Controls/ControlRigGizmoMaterial.uexp" 282
"../../../Engine/Plugins/Animation/ACLPlugin/Content/ACLAnimCurveCompressionSettings.uasset" 283
"../../../Engine/Plugins/Animation/ACLPlugin/Content/ACLAnimCurveCompressionSettings.uexp" 284
"../../../Engine/Plugins/Animation/ACLPlugin/Content/ACLAnimBoneCompressionSettings.uasset" 285
"../../../Engine/Plugins/Animation/ACLPlugin/Content/ACLAnimBoneCompressionSettings.uexp" 286
"../../../Engine/Plugins/2D/Paper2D/Content/PlaceholderTextures/DummySpriteTexture.ubulk" 287
"../../../Engine/Plugins/2D/Paper2D/Content/PlaceholderTextures/DummySpriteTexture.uasset" 288
"../../../Engine/Plugins/2D/Paper2D/Content/PlaceholderTextures/DummySpriteTexture.uexp" 289
"../../../Engine/Plugins/2D/Paper2D/Content/DefaultSpriteMaterial.uasset" 290
"../../../Engine/Plugins/2D/Paper2D/Content/DefaultSpriteMaterial.uexp" 291
"../../../Engine/Plugins/2D/Paper2D/Content/OpaqueUnlitSpriteMaterial.uasset" 292
"../../../Engine/Plugins/2D/Paper2D/Content/OpaqueUnlitSpriteMaterial.uexp" 293
"../../../Engine/Plugins/2D/Paper2D/Content/MaskedUnlitSpriteMaterial.uasset" 294
"../../../Engine/Plugins/2D/Paper2D/Content/MaskedUnlitSpriteMaterial.uexp" 295
"../../../Engine/Plugins/2D/Paper2D/Content/DummySprite.uasset" 296
"../../../Engine/Plugins/2D/Paper2D/Content/DummySprite.uexp" 297
"../../../Engine/Plugins/2D/Paper2D/Content/DefaultPaperTerrainMaterial.uasset" 298
"../../../Engine/Plugins/2D/Paper2D/Content/DefaultPaperTerrainMaterial.uexp" 299
"../../../Engine/Content/Functions/Engine_MaterialFunctions02/Math/Transform3x3Matrix.uasset" 300
"../../../Engine/Content/Functions/Engine_MaterialFunctions02/Math/Transform3x3Matrix.uexp" 301
"../../../Engine/Content/Functions/Engine_MaterialFunctions02/SplitComponents.uasset" 302
"../../../Engine/Content/Functions/Engine_MaterialFunctions02/SplitComponents.uexp" 303
"../../../Engine/Content/Functions/Engine_MaterialFunctions02/Utility/MakeFloat3.uasset" 304
"../../../Engine/Content/Functions/Engine_MaterialFunctions02/Utility/MakeFloat3.uexp" 305
"../../../Engine/Content/EngineSounds/Master.uasset" 306
"../../../Engine/Content/EngineSounds/Master.uexp" 307
"../../../Engine/Content/EngineResources/WhiteSquareTexture.uasset" 308
"../../../Engine/Content/EngineResources/WhiteSquareTexture.uexp" 309
"../../../Engine/Content/EngineMaterials/Widget3DPassThrough.uasset" 310
"../../../Engine/Content/EngineMaterials/Widget3DPassThrough.uexp" 311
"../../../Engine/Content/EngineMaterials/Widget3DPassThrough_Translucent.uasset" 312
"../../../Engine/Content/EngineMaterials/Widget3DPassThrough_Translucent.uexp" 313
"../../../Engine/Content/EngineMaterials/Widget3DPassThrough_Translucent_OneSided.uasset" 314
"../../../Engine/Content/EngineMaterials/Widget3DPassThrough_Translucent_OneSided.uexp" 315
"../../../Engine/Content/EngineMaterials/Widget3DPassThrough_Opaque.uasset" 316
"../../../Engine/Content/EngineMaterials/Widget3DPassThrough_Opaque.uexp" 317
"../../../Engine/Content/EngineMaterials/Widget3DPassThrough_Opaque_OneSided.uasset" 318
"../../../Engine/Content/EngineMaterials/Widget3DPassThrough_Opaque_OneSided.uexp" 319
"../../../Engine/Content/EngineMaterials/Widget3DPassThrough_Masked_OneSided.uasset" 320
"../../../Engine/Content/EngineMaterials/Widget3DPassThrough_Masked_OneSided.uexp" 321
"../../../Engine/Content/EngineMaterials/Widget3DPassThrough_Masked.uasset" 322
"../../../Engine/Content/EngineMaterials/Widget3DPassThrough_Masked.uexp" 323
"../../../Engine/Content/EngineMaterials/STBlueNoise_vec2_128x128x64.uasset" 324
"../../../Engine/Content/EngineMaterials/STBlueNoise_vec2_128x128x64.uexp" 325
"../../../Engine/Content/EngineMaterials/STBlueNoise_scalar_128x128x64.uasset" 326
"../../../Engine/Content/EngineMaterials/STBlueNoise_scalar_128x128x64.uexp" 327
"../../../Engine/Content/EngineMaterials/RemoveSurfaceMaterial.uasset" 328
"../../../Engine/Content/EngineMaterials/RemoveSurfaceMaterial.uexp" 329
"../../../Engine/Content/EngineMaterials/DefaultCalibrationGrayscale.uasset" 330
"../../../Engine/Content/EngineMaterials/DefaultCalibrationGrayscale.uexp" 331
"../../../Engine/Content/EngineMaterials/PPM_DefaultCalibrationGrayscale.uasset" 332
"../../../Engine/Content/EngineMaterials/PPM_DefaultCalibrationGrayscale.uexp" 333
"../../../Engine/Content/EngineMaterials/DefaultCalibrationColor.uasset" 334
"../../../Engine/Content/EngineMaterials/DefaultCalibrationColor.uexp" 335
"../../../Engine/Content/EngineMaterials/PPM_DefaultCalibrationColor.uasset" 336
"../../../Engine/Content/EngineMaterials/PPM_DefaultCalibrationColor.uexp" 337
"../../../Engine/Content/EngineMaterials/PhAT_JointLimitMaterial.uasset" 338
"../../../Engine/Content/EngineMaterials/PhAT_JointLimitMaterial.uexp" 339
"../../../Engine/Content/EngineMaterials/NaniteHiddenSectionMaterial.uasset" 340
"../../../Engine/Content/EngineMaterials/NaniteHiddenSectionMaterial.uexp" 341
"../../../Engine/Content/EngineMaterials/InvalidLightmapSettings.ubulk" 342
"../../../Engine/Content/EngineMaterials/InvalidLightmapSettings.uasset" 343
"../../../Engine/Content/EngineMaterials/InvalidLightmapSettings.uexp" 344
"../../../Engine/Content/EngineMaterials/M_InvalidLightmapSettings.uasset" 345
"../../../Engine/Content/EngineMaterials/M_InvalidLightmapSettings.uexp" 346
"../../../Engine/Content/EngineMaterials/GizmoMaterial.uasset" 347
"../../../Engine/Content/EngineMaterials/GizmoMaterial.uexp" 348
"../../../Engine/Content/EngineMaterials/BaseFlattenEmissiveMap_VT.uasset" 349
"../../../Engine/Content/EngineMaterials/BaseFlattenEmissiveMap_VT.uexp" 350
"../../../Engine/Content/EngineMaterials/BaseFlattenGrayscaleMap_VT.uasset" 351
"../../../Engine/Content/EngineMaterials/BaseFlattenGrayscaleMap_VT.uexp" 352
"../../../Engine/Content/EngineMaterials/BaseFlattenLinearColor_VT.uasset" 353
"../../../Engine/Content/EngineMaterials/BaseFlattenLinearColor_VT.uexp" 354
"../../../Engine/Content/EngineMaterials/Black_1x1_EXR_Texture_VT.uasset" 355
"../../../Engine/Content/EngineMaterials/Black_1x1_EXR_Texture_VT.uexp" 356
"../../../Engine/Content/EngineMaterials/BaseFlattenDiffuseMap_VT.uasset" 357
"../../../Engine/Content/EngineMaterials/BaseFlattenDiffuseMap_VT.uexp" 358
"../../../Engine/Content/EngineMaterials/BaseFlattenNormalMap_VT.uasset" 359
"../../../Engine/Content/EngineMaterials/BaseFlattenNormalMap_VT.uexp" 360
"../../../Engine/Content/EngineMaterials/FlattenMaterial_WS_Normal_VT.uasset" 361
"../../../Engine/Content/EngineMaterials/FlattenMaterial_WS_Normal_VT.uexp" 362
"../../../Engine/Content/EngineMaterials/FlattenMaterial_VT.uasset" 363
"../../../Engine/Content/EngineMaterials/FlattenMaterial_VT.uexp" 364
"../../../Engine/Content/EngineMaterials/BaseFlattenNormalMap.uasset" 365
"../../../Engine/Content/EngineMaterials/BaseFlattenNormalMap.uexp" 366
"../../../Engine/Content/EngineMaterials/BaseFlattenGrayscaleMap.uasset" 367
"../../../Engine/Content/EngineMaterials/BaseFlattenGrayscaleMap.uexp" 368
"../../../Engine/Content/EngineMaterials/BaseFlattenDiffuseMap.uasset" 369
"../../../Engine/Content/EngineMaterials/BaseFlattenDiffuseMap.uexp" 370
"../../../Engine/Content/Functions/Engine_MaterialFunctions02/PivotPainter2/Black_1x1_EXR_Texture.uasset" 371
"../../../Engine/Content/Functions/Engine_MaterialFunctions02/PivotPainter2/Black_1x1_EXR_Texture.uexp" 372
"../../../Engine/Content/EngineMaterials/BaseFlattenEmissiveMap.uasset" 373
"../../../Engine/Content/EngineMaterials/BaseFlattenEmissiveMap.uexp" 374
"../../../Engine/Content/EngineMaterials/BaseFlattenLinearColor.uasset" 375
"../../../Engine/Content/EngineMaterials/BaseFlattenLinearColor.uexp" 376
"../../../Engine/Content/EngineMaterials/FlattenMaterial.uasset" 377
"../../../Engine/Content/EngineMaterials/FlattenMaterial.uexp" 378
"../../../Engine/Content/EngineMaterials/DefaultWhiteGrid_Low.uasset" 379
"../../../Engine/Content/EngineMaterials/DefaultWhiteGrid_Low.uexp" 380
"../../../Engine/Content/EngineMaterials/EmissiveMeshMaterial.uasset" 381
"../../../Engine/Content/EngineMaterials/EmissiveMeshMaterial.uexp" 382
"../../../Engine/Content/EngineFonts/RobotoDistanceField.uasset" 383
"../../../Engine/Content/EngineFonts/RobotoDistanceField.uexp" 384
"../../../Engine/Content/EngineMaterials/DefaultTextMaterialOpaque.uasset" 385
"../../../Engine/Content/EngineMaterials/DefaultTextMaterialOpaque.uexp" 386
"../../../Engine/Content/EngineMaterials/DefaultDiffuse.ubulk" 387
"../../../Engine/Content/EngineMaterials/DefaultDiffuse.uasset" 388
"../../../Engine/Content/EngineMaterials/DefaultDiffuse.uexp" 389
"../../../Engine/Content/Functions/Engine_MaterialFunctions02/Utility/BreakOutFloat2Components.uasset" 390
"../../../Engine/Content/Functions/Engine_MaterialFunctions02/Utility/BreakOutFloat2Components.uexp" 391
"../../../Engine/Content/EngineMaterials/DefaultPostProcessMaterial.uasset" 392
"../../../Engine/Content/EngineMaterials/DefaultPostProcessMaterial.uexp" 393
"../../../Engine/Content/EngineMaterials/DefaultPhysicalMaterial.uasset" 394
"../../../Engine/Content/EngineMaterials/DefaultPhysicalMaterial.uexp" 395
"../../../Engine/Content/EngineMaterials/DefaultLightFunctionMaterial.uasset" 396
"../../../Engine/Content/EngineMaterials/DefaultLightFunctionMaterial.uexp" 397
"../../../Engine/Content/EngineMaterials/DefaultDestructiblePhysicalMaterial.uasset" 398
"../../../Engine/Content/EngineMaterials/DefaultDestructiblePhysicalMaterial.uexp" 399
"../../../Engine/Content/EngineMaterials/DefaultDeferredDecalMaterial.uasset" 400
"../../../Engine/Content/EngineMaterials/DefaultDeferredDecalMaterial.uexp" 401
"../../../Engine/Content/EngineMaterials/DefaultBloomKernel.uasset" 402
"../../../Engine/Content/EngineMaterials/DefaultBloomKernel.uexp" 403
"../../../Engine/Content/EngineFonts/Faces/RobotoLight.uexp" 404
"../../../Engine/Content/EngineFonts/Faces/RobotoLight.uasset" 405
"../../../Engine/Content/EngineFonts/Faces/RobotoLight.ufont" 406
"../../../Engine/Content/EngineFonts/Faces/RobotoBold.uexp" 407
"../../../Engine/Content/EngineFonts/Faces/RobotoBold.uasset" 408
"../../../Engine/Content/EngineFonts/Faces/RobotoBold.ufont" 409
"../../../Engine/Content/EngineFonts/Faces/RobotoRegular.uexp" 410
"../../../Engine/Content/EngineFonts/Faces/RobotoRegular.uasset" 411
"../../../Engine/Content/EngineFonts/Faces/RobotoRegular.ufont" 412
"../../../Engine/Content/EngineFonts/Faces/DroidSansFallback.uexp" 413
"../../../Engine/Content/EngineFonts/Faces/DroidSansFallback.uasset" 414
"../../../Engine/Content/EngineFonts/Faces/DroidSansFallback.ufont" 415
"../../../Engine/Content/EngineFonts/Faces/RobotoItalic.uexp" 416
"../../../Engine/Content/EngineFonts/Faces/RobotoItalic.uasset" 417
"../../../Engine/Content/EngineFonts/Faces/RobotoItalic.ufont" 418
"../../../Engine/Content/EngineFonts/Faces/RobotoBoldItalic.uexp" 419
"../../../Engine/Content/EngineFonts/Faces/RobotoBoldItalic.uasset" 420
"../../../Engine/Content/EngineFonts/Faces/RobotoBoldItalic.ufont" 421
"../../../Engine/Content/EngineFonts/Roboto.uasset" 422
"../../../Engine/Content/EngineFonts/Roboto.uexp" 423
"../../../Engine/Content/EngineDebugMaterials/VolumeToRender.uasset" 424
"../../../Engine/Content/EngineDebugMaterials/VolumeToRender.uexp" 425
"../../../Engine/Content/EngineDebugMaterials/M_VolumeRenderSphereTracePP.uasset" 426
"../../../Engine/Content/EngineDebugMaterials/M_VolumeRenderSphereTracePP.uexp" 427
"../../../Engine/Content/EngineDebugMaterials/M_SimpleUnlitTranslucent.uasset" 428
"../../../Engine/Content/EngineDebugMaterials/M_SimpleUnlitTranslucent.uexp" 429
"../../../Engine/Content/EngineDebugMaterials/DebugMeshMaterial.uasset" 430
"../../../Engine/Content/EngineDebugMaterials/DebugMeshMaterial.uexp" 431
"../../../Engine/Content/EngineDebugMaterials/DebugEditorMaterial.uasset" 432
"../../../Engine/Content/EngineDebugMaterials/DebugEditorMaterial.uexp" 433
"../../../Engine/Content/EngineDamageTypes/DmgTypeBP_Environmental.uasset" 434
"../../../Engine/Content/EngineDamageTypes/DmgTypeBP_Environmental.uexp" 435
"../../../Engine/Content/BasicShapes/BasicShapeMaterial.uasset" 436
"../../../Engine/Content/BasicShapes/BasicShapeMaterial.uexp" 437
"../../../Engine/Content/Animation/DefaultVariableFrameStrippingSettings.uasset" 438
"../../../Engine/Content/Animation/DefaultVariableFrameStrippingSettings.uexp" 439
"../../../Engine/Content/Animation/DefaultRecorderBoneCompression.uasset" 440
"../../../Engine/Content/Animation/DefaultRecorderBoneCompression.uexp" 441
"../../../Engine/Content/MobileResources/HUD/VirtualJoystick_Background.uasset" 442
"../../../Engine/Content/MobileResources/HUD/VirtualJoystick_Background.uexp" 443
"../../../Engine/Content/MobileResources/HUD/VirtualJoystick_Thumb.uasset" 444
"../../../Engine/Content/MobileResources/HUD/VirtualJoystick_Thumb.uexp" 445
"../../../Engine/Content/MobileResources/HUD/DefaultVirtualJoysticks.uasset" 446
"../../../Engine/Content/MobileResources/HUD/DefaultVirtualJoysticks.uexp" 447
"../../../Engine/Content/EngineSky/VolumetricClouds/CloudWeatherTexture.uasset" 448
"../../../Engine/Content/EngineSky/VolumetricClouds/CloudWeatherTexture.uexp" 449
"../../../Engine/Content/Functions/Engine_MaterialFunctions02/Utility/MakeFloat2.uasset" 450
"../../../Engine/Content/Functions/Engine_MaterialFunctions02/Utility/MakeFloat2.uexp" 451
"../../../Engine/Content/EngineSky/VolumetricClouds/CloudGradientTexture.uasset" 452
"../../../Engine/Content/EngineSky/VolumetricClouds/CloudGradientTexture.uexp" 453
"../../../Engine/Content/EngineSky/VolumetricClouds/T_NoiseShape64.ubulk" 454
"../../../Engine/Content/EngineSky/VolumetricClouds/T_NoiseShape64.uasset" 455
"../../../Engine/Content/EngineSky/VolumetricClouds/T_NoiseShape64.uexp" 456
"../../../Engine/Content/EngineSky/VolumetricClouds/T_VolumeNoiseShape64.uasset" 457
"../../../Engine/Content/EngineSky/VolumetricClouds/T_VolumeNoiseShape64.uexp" 458
"../../../Engine/Content/EngineSky/VolumetricClouds/T_NoiseErosion.ubulk" 459
"../../../Engine/Content/EngineSky/VolumetricClouds/T_NoiseErosion.uasset" 460
"../../../Engine/Content/EngineSky/VolumetricClouds/T_NoiseErosion.uexp" 461
"../../../Engine/Content/EngineSky/VolumetricClouds/T_VolumeNoiseErosion32.uasset" 462
"../../../Engine/Content/EngineSky/VolumetricClouds/T_VolumeNoiseErosion32.uexp" 463
"../../../Engine/Content/EngineSky/VolumetricClouds/m_SimpleVolumetricCloud.uasset" 464
"../../../Engine/Content/EngineSky/VolumetricClouds/m_SimpleVolumetricCloud.uexp" 465
"../../../Engine/Content/EngineSky/VolumetricClouds/m_SimpleVolumetricCloud_Inst.uasset" 466
"../../../Engine/Content/EngineSky/VolumetricClouds/m_SimpleVolumetricCloud_Inst.uexp" 467
"../../../Engine/Content/EngineResources/FilmGrains/Marcie_Grain_v3_128_M2_000.uasset" 468
"../../../Engine/Content/EngineResources/FilmGrains/Marcie_Grain_v3_128_M2_000.uexp" 469
"../../../Engine/Content/Functions/Engine_MaterialFunctions02/Math/AddComponents.uasset" 470
"../../../Engine/Content/Functions/Engine_MaterialFunctions02/Math/AddComponents.uexp" 471
"../../../Engine/Content/Functions/Engine_MaterialFunctions01/Texturing/FlattenNormal.uasset" 472
"../../../Engine/Content/Functions/Engine_MaterialFunctions01/Texturing/FlattenNormal.uexp" 473
"../../../Engine/Content/Functions/Engine_MaterialFunctions01/Shading/PowerToRoughness.uasset" 474
"../../../Engine/Content/Functions/Engine_MaterialFunctions01/Shading/PowerToRoughness.uexp" 475
"../../../Engine/Content/Functions/Engine_MaterialFunctions01/Shading/ConvertFromDiffSpec.uasset" 476
"../../../Engine/Content/Functions/Engine_MaterialFunctions01/Shading/ConvertFromDiffSpec.uexp" 477
"../../../Engine/Content/EngineMaterials/Substrate/Volume/SubstrateSimpleVolumeLUT3D.uasset" 478
"../../../Engine/Content/EngineMaterials/Substrate/Volume/SubstrateSimpleVolumeLUT3D.uexp" 479
"../../../Engine/Content/EngineMaterials/Substrate/Volume/SubstrateSimpleVolumeEnvLUT3D.uasset" 480
"../../../Engine/Content/EngineMaterials/Substrate/Volume/SubstrateSimpleVolumeEnvLUT3D.uexp" 481
"../../../Engine/Content/EngineMaterials/Substrate/GLints2/AGlintTex2dArray2.uasset" 482
"../../../Engine/Content/EngineMaterials/Substrate/GLints2/AGlintTex2dArray2.uexp" 483
"../../../Engine/Content/EngineMaterials/Substrate/GLints/AGlintTex2dArray.uasset" 484
"../../../Engine/Content/EngineMaterials/Substrate/GLints/AGlintTex2dArray.uexp" 485
"C:/Users/Ivan/Desktop/VodkoMobileGame/Content/Widgets/Fonts/Gals.uexp" 486
"C:/Users/Ivan/Desktop/VodkoMobileGame/Content/Widgets/Fonts/Gals.uasset" 487
"C:/Users/Ivan/Desktop/VodkoMobileGame/Content/Widgets/Fonts/Gals.ufont" 488
"C:/Users/Ivan/Desktop/VodkoMobileGame/Content/Widgets/Fonts/Gals_Font.uasset" 489
"C:/Users/Ivan/Desktop/VodkoMobileGame/Content/Widgets/Fonts/Gals_Font.uexp" 490
"C:/Users/Ivan/Desktop/VodkoMobileGame/Content/Widgets/w_MaterButton.uasset" 491
"C:/Users/Ivan/Desktop/VodkoMobileGame/Content/Widgets/w_MaterButton.uexp" 492
"C:/Users/Ivan/Desktop/VodkoMobileGame/Content/Player/s_Habit.uasset" 493
"C:/Users/Ivan/Desktop/VodkoMobileGame/Content/Player/s_Habit.uexp" 494
"C:/Users/Ivan/Desktop/VodkoMobileGame/Content/Widgets/w_Habit.uasset" 495
"C:/Users/Ivan/Desktop/VodkoMobileGame/Content/Widgets/w_Habit.uexp" 496
"C:/Users/Ivan/Desktop/VodkoMobileGame/Content/Widgets/w_Habits.uasset" 497
"C:/Users/Ivan/Desktop/VodkoMobileGame/Content/Widgets/w_Habits.uexp" 498
"C:/Users/Ivan/Desktop/VodkoMobileGame/Content/Widgets/w_CreateHabits.uasset" 499
"C:/Users/Ivan/Desktop/VodkoMobileGame/Content/Widgets/w_CreateHabits.uexp" 500
"C:/Users/Ivan/Desktop/VodkoMobileGame/Content/Widgets/w_SetStartInfo.uasset" 501
"C:/Users/Ivan/Desktop/VodkoMobileGame/Content/Widgets/w_SetStartInfo.uexp" 502
"C:/Users/Ivan/Desktop/VodkoMobileGame/Content/Widgets/Fonts/Linux_Biolinum.uexp" 503
"C:/Users/Ivan/Desktop/VodkoMobileGame/Content/Widgets/Fonts/Linux_Biolinum.uasset" 504
"C:/Users/Ivan/Desktop/VodkoMobileGame/Content/Widgets/Fonts/Linux_Biolinum.ufont" 505
"C:/Users/Ivan/Desktop/VodkoMobileGame/Content/Widgets/Fonts/Linux_Biolinum_Font.uasset" 506
"C:/Users/Ivan/Desktop/VodkoMobileGame/Content/Widgets/Fonts/Linux_Biolinum_Font.uexp" 507
"C:/Users/Ivan/Desktop/VodkoMobileGame/Content/Widgets/W_MainScreen.uasset" 508
"C:/Users/Ivan/Desktop/VodkoMobileGame/Content/Widgets/W_MainScreen.uexp" 509
"C:/Users/Ivan/Desktop/VodkoMobileGame/Content/Widgets/w_MainWidget.uasset" 510
"C:/Users/Ivan/Desktop/VodkoMobileGame/Content/Widgets/w_MainWidget.uexp" 511
"C:/Users/Ivan/Desktop/VodkoMobileGame/Content/SaveAndLoadSystem/BP_SaveAndLoad.uasset" 512
"C:/Users/Ivan/Desktop/VodkoMobileGame/Content/SaveAndLoadSystem/BP_SaveAndLoad.uexp" 513
"C:/Users/Ivan/Desktop/VodkoMobileGame/Content/SaveAndLoadSystem/MyGameInstance.uasset" 514
"C:/Users/Ivan/Desktop/VodkoMobileGame/Content/SaveAndLoadSystem/MyGameInstance.uexp" 515
"C:/Users/Ivan/Desktop/VodkoMobileGame/Content/Player/BP_Player.uasset" 516
"C:/Users/Ivan/Desktop/VodkoMobileGame/Content/Player/BP_Player.uexp" 517
"C:/Users/Ivan/Desktop/VodkoMobileGame/Content/Player/MyGameMode.uasset" 518
"C:/Users/Ivan/Desktop/VodkoMobileGame/Content/Player/MyGameMode.uexp" 519
"C:/Users/Ivan/Desktop/VodkoMobileGame/Content/Player/MainLevel.uexp" 520
"C:/Users/Ivan/Desktop/VodkoMobileGame/Content/Player/MainLevel.umap" 521
"../../../Engine/Content/Maps/Entry_BuiltData.uasset" 522
"../../../Engine/Content/Maps/Entry_BuiltData.uexp" 523
"../../../Engine/Content/Maps/Entry.uexp" 524
"../../../Engine/Content/Maps/Entry.umap" 525
